2015-03-27 07:10:40 Debug: Notice (8): Undefined property: View::$Access in [C:\wamp\www\new_erb\views\layouts\default.ctp, line 98]
2015-03-27 07:16:01 Debug: Notice (8): Undefined property: View::$Access in [C:\wamp\www\new_erb\views\layouts\default.ctp, line 98]
2015-03-27 07:17:42 Debug: Notice (8): Undefined property: View::$Access in [C:\wamp\www\new_erb\views\layouts\default.ctp, line 98]
2015-03-27 07:19:26 Debug: Notice (8): Undefined property: View::$Access in [C:\wamp\www\new_erb\views\layouts\default.ctp, line 98]
2015-03-27 07:19:51 Debug: Notice (8): Undefined property: View::$Access in [C:\wamp\www\new_erb\views\layouts\default.ctp, line 98]
2015-03-27 07:21:20 Debug: Notice (8): Undefined property: View::$Access in [C:\wamp\www\new_erb\views\layouts\default.ctp, line 98]
2015-03-27 07:21:43 Debug: Notice (8): Undefined property: View::$Access in [C:\wamp\www\new-erb\views\layouts\default.ctp, line 98]
2015-03-27 07:23:01 Debug: Notice (8): Undefined property: View::$Access in [C:\wamp\www\new-erb\views\layouts\default.ctp, line 98]
2015-03-27 07:39:09 Debug: Notice (8): Undefined property: View::$Access in [C:\wamp\www\new-erb\views\layouts\default.ctp, line 98]
2015-05-06 04:02:01 Debug: Notice (8): Undefined property: View::$Access in [C:\wamp\www\new-erb\views\layouts\default.ctp, line 98]
2015-09-01 06:30:55 Debug: Notice (8): Undefined property: View::$Access in [C:\wamp\www\new-erb\views\layouts\default.ctp, line 98]
2015-09-01 06:34:51 Debug: Notice (8): Undefined property: View::$Access in [C:\wamp\www\dtr\views\layouts\default.ctp, line 98]
2015-09-01 06:35:16 Debug: Notice (8): Undefined property: View::$Access in [C:\wamp\www\dtr\views\layouts\default.ctp, line 98]
2015-09-01 06:39:23 Debug: Notice (8): Undefined property: View::$Access in [C:\wamp\www\dtr\views\layouts\default.ctp, line 98]
2015-09-01 06:40:47 Debug: Notice (8): Undefined property: View::$Access in [C:\wamp\www\dtr\views\layouts\default.ctp, line 98]
2015-09-01 06:41:15 Debug: Notice (8): Undefined property: View::$Access in [C:\wamp\www\dtr\views\layouts\default.ctp, line 98]
2015-09-01 06:41:36 Debug: Notice (8): Undefined property: View::$Access in [C:\wamp\www\dtr\views\layouts\default.ctp, line 80]
2015-09-01 06:41:40 Debug: Notice (8): Undefined property: View::$Access in [C:\wamp\www\dtr\views\layouts\default.ctp, line 80]
2015-09-01 06:42:43 Debug: Notice (8): Undefined property: View::$Access in [C:\wamp\www\dtr\views\layouts\default.ctp, line 80]
2015-09-01 06:43:02 Debug: Notice (8): Undefined property: View::$Access in [C:\wamp\www\dtr\views\layouts\default.ctp, line 80]
2015-09-01 06:44:56 Debug: Notice (8): Undefined property: View::$Access in [C:\wamp\www\dtr\views\layouts\default.ctp, line 80]
2015-09-01 06:48:38 Debug: Notice (8): Undefined property: View::$Access in [C:\wamp\www\dtr\views\layouts\default.ctp, line 80]
2015-09-01 06:53:32 Debug: Notice (8): Undefined property: View::$Access in [C:\wamp\www\dtr\views\layouts\default.ctp, line 80]
2015-09-01 06:53:32 Debug: Notice (8): Undefined property: View::$Access in [C:\wamp\www\dtr\views\layouts\default.ctp, line 80]
2015-09-01 06:53:35 Debug: Notice (8): Undefined property: View::$Access in [C:\wamp\www\dtr\views\layouts\default.ctp, line 80]
2015-09-01 06:53:39 Debug: Notice (8): Undefined property: View::$Access in [C:\wamp\www\dtr\views\layouts\default.ctp, line 80]
2015-09-01 06:54:07 Debug: Notice (8): Undefined property: View::$Access in [C:\wamp\www\dtr\views\layouts\default.ctp, line 80]
2015-09-01 06:54:53 Debug: Notice (8): Undefined property: View::$Access in [C:\wamp\www\dtr\views\layouts\default.ctp, line 80]
2015-09-01 06:54:55 Debug: Notice (8): Undefined property: View::$Access in [C:\wamp\www\dtr\views\layouts\default.ctp, line 80]
2015-09-01 06:54:55 Debug: Notice (8): Undefined property: View::$Access in [C:\wamp\www\dtr\views\layouts\default.ctp, line 80]
2015-09-01 06:55:39 Debug: Notice (8): Undefined property: View::$Access in [C:\wamp\www\dtr\views\layouts\default.ctp, line 80]
2015-09-01 06:58:02 Debug: Notice (8): Undefined property: View::$Access in [C:\wamp\www\dtr\views\layouts\default.ctp, line 80]
2015-09-01 06:58:02 Debug: Notice (8): Undefined property: View::$Access in [C:\wamp\www\dtr\views\layouts\default.ctp, line 80]
2015-09-01 06:58:18 Debug: Notice (8): Undefined property: View::$Access in [C:\wamp\www\dtr\views\layouts\default.ctp, line 80]
2015-09-01 06:58:53 Debug: Notice (8): Undefined property: View::$Access in [C:\wamp\www\dtr\views\layouts\default.ctp, line 80]
2015-09-01 06:58:55 Debug: Notice (8): Undefined property: View::$Access in [C:\wamp\www\dtr\views\layouts\default.ctp, line 80]
2015-09-01 07:01:28 Debug: Notice (8): Undefined property: View::$Access in [C:\wamp\www\dtr\views\layouts\default.ctp, line 80]
2015-09-01 07:01:45 Debug: Notice (8): Undefined property: View::$Access in [C:\wamp\www\dtr\views\layouts\default.ctp, line 80]
2015-09-01 07:02:11 Debug: Notice (8): Undefined property: View::$Access in [C:\wamp\www\dtr\views\layouts\default.ctp, line 80]
2015-09-01 07:07:06 Debug: Notice (8): Undefined property: View::$Access in [C:\wamp\www\dtr\views\layouts\default.ctp, line 80]
2015-09-01 07:07:24 Debug: Notice (8): Undefined property: View::$Access in [C:\wamp\www\dtr\views\layouts\default.ctp, line 80]
2015-09-01 07:07:41 Debug: Notice (8): Undefined property: View::$Access in [C:\wamp\www\dtr\views\layouts\default.ctp, line 80]
2015-09-01 07:08:52 Debug: Notice (8): Undefined property: View::$Access in [C:\wamp\www\dtr\views\layouts\default.ctp, line 80]
2015-09-01 07:09:18 Debug: Notice (8): Undefined property: View::$Access in [C:\wamp\www\dtr\views\layouts\default.ctp, line 80]
2015-09-01 07:09:41 Debug: Notice (8): Undefined property: View::$Access in [C:\wamp\www\dtr\views\layouts\default.ctp, line 80]
2015-09-01 07:09:58 Debug: Notice (8): Undefined property: View::$Access in [C:\wamp\www\dtr\views\layouts\default.ctp, line 80]
2015-09-01 07:11:11 Debug: Notice (8): Undefined property: View::$Access in [C:\wamp\www\dtr\views\layouts\default.ctp, line 80]
2015-09-01 07:11:31 Debug: Notice (8): Undefined property: View::$Access in [C:\wamp\www\dtr\views\layouts\default.ctp, line 80]
2015-09-01 07:11:46 Debug: Notice (8): Undefined property: View::$Access in [C:\wamp\www\dtr\views\layouts\default.ctp, line 80]
2015-09-01 07:12:22 Debug: Notice (8): Undefined property: View::$Access in [C:\wamp\www\dtr\views\layouts\default.ctp, line 80]
2015-09-01 07:12:38 Debug: Notice (8): Undefined property: View::$Access in [C:\wamp\www\dtr\views\layouts\default.ctp, line 80]
2015-09-01 07:12:40 Debug: Notice (8): Undefined property: View::$Access in [C:\wamp\www\dtr\views\layouts\default.ctp, line 80]
2015-09-01 07:13:21 Debug: Notice (8): Undefined property: View::$Access in [C:\wamp\www\dtr\views\layouts\default.ctp, line 80]
2015-09-01 07:13:22 Debug: Notice (8): Undefined property: View::$Access in [C:\wamp\www\dtr\views\layouts\default.ctp, line 80]
2015-09-01 07:14:23 Debug: Notice (8): Undefined property: View::$Access in [C:\wamp\www\dtr\views\layouts\default.ctp, line 80]
2015-09-01 07:58:17 Debug: Notice (8): Undefined property: View::$Access in [C:\wamp\www\dtr\views\layouts\default.ctp, line 80]
2015-09-01 08:46:24 Debug: Notice (8): Undefined property: View::$Access in [C:\wamp\www\dtr\views\layouts\default.ctp, line 80]
2015-09-01 08:46:28 Debug: Notice (8): Undefined property: View::$Access in [C:\wamp\www\dtr\views\layouts\default.ctp, line 80]
2015-09-01 08:46:35 Debug: Notice (8): Undefined property: View::$Access in [C:\wamp\www\dtr\views\layouts\default.ctp, line 80]
2015-09-01 08:46:39 Debug: Notice (8): Undefined property: View::$Access in [C:\wamp\www\dtr\views\layouts\default.ctp, line 80]
2015-09-01 08:46:43 Debug: Notice (8): Undefined property: View::$Access in [C:\wamp\www\dtr\views\layouts\default.ctp, line 80]
2015-09-01 08:46:53 Debug: Notice (8): Undefined property: View::$Access in [C:\wamp\www\dtr\views\layouts\default.ctp, line 80]
2015-09-01 08:46:56 Debug: Notice (8): Undefined property: View::$Access in [C:\wamp\www\dtr\views\layouts\default.ctp, line 80]
2015-09-01 08:47:08 Debug: Notice (8): Undefined property: View::$Access in [C:\wamp\www\dtr\views\layouts\default.ctp, line 80]
2015-09-01 08:49:37 Debug: Notice (8): Undefined property: View::$Access in [C:\wamp\www\dtr\views\layouts\default.ctp, line 80]
2015-09-01 08:49:40 Debug: Notice (8): Undefined property: View::$Access in [C:\wamp\www\dtr\views\layouts\default.ctp, line 80]
2015-09-01 09:30:02 Debug: Notice (8): Undefined property: View::$Access in [C:\wamp\www\dtr\views\layouts\default.ctp, line 80]
2015-09-01 09:34:01 Debug: Notice (8): Undefined property: View::$Access in [C:\wamp\www\dtr\views\layouts\default.ctp, line 80]
2015-09-01 09:34:26 Debug: Notice (8): Undefined property: View::$Access in [C:\wamp\www\dtr\views\layouts\default.ctp, line 80]
2015-09-01 09:36:10 Debug: Notice (8): Undefined property: View::$Access in [C:\wamp\www\dtr\views\layouts\default.ctp, line 80]
2015-09-01 09:36:26 Debug: Notice (8): Undefined property: View::$Access in [C:\wamp\www\dtr\views\layouts\default.ctp, line 80]
2015-09-01 09:36:52 Debug: Notice (8): Undefined property: View::$Access in [C:\wamp\www\dtr\views\layouts\default.ctp, line 80]
2015-09-01 09:39:09 Debug: Notice (8): Undefined property: View::$Access in [C:\wamp\www\dtr\views\layouts\default.ctp, line 80]
2015-09-01 09:39:09 Debug: Notice (8): Undefined property: View::$Access in [C:\wamp\www\dtr\views\layouts\default.ctp, line 80]
2015-09-01 09:40:11 Debug: Notice (8): Undefined property: View::$Access in [C:\wamp\www\dtr\views\layouts\default.ctp, line 80]
2015-09-01 09:40:12 Debug: Notice (8): Undefined property: View::$Access in [C:\wamp\www\dtr\views\layouts\default.ctp, line 80]
2015-09-01 09:40:33 Debug: Notice (8): Undefined property: View::$Access in [C:\wamp\www\dtr\views\layouts\default.ctp, line 80]
2015-09-01 09:40:34 Debug: Notice (8): Undefined property: View::$Access in [C:\wamp\www\dtr\views\layouts\default.ctp, line 80]
2015-09-01 09:49:21 Debug: Notice (8): Undefined property: View::$Access in [C:\wamp\www\dtr\views\layouts\default.ctp, line 80]
2015-09-01 09:49:22 Debug: Notice (8): Undefined property: View::$Access in [C:\wamp\www\dtr\views\layouts\default.ctp, line 80]
2015-09-01 09:51:07 Debug: Notice (8): Undefined property: View::$Access in [C:\wamp\www\dtr\views\layouts\default.ctp, line 80]
2015-09-01 09:51:08 Debug: Notice (8): Undefined property: View::$Access in [C:\wamp\www\dtr\views\layouts\default.ctp, line 80]
2015-09-01 09:59:33 Debug: Notice (8): Undefined property: View::$Access in [C:\wamp\www\dtr\views\layouts\default.ctp, line 80]
2015-09-01 09:59:33 Debug: Notice (8): Undefined property: View::$Access in [C:\wamp\www\dtr\views\layouts\default.ctp, line 80]
2015-09-01 10:00:30 Debug: Notice (8): Undefined property: View::$Access in [C:\wamp\www\dtr\views\layouts\default.ctp, line 80]
2015-09-01 10:00:30 Debug: Notice (8): Undefined property: View::$Access in [C:\wamp\www\dtr\views\layouts\default.ctp, line 80]
2015-09-01 10:00:50 Debug: Notice (8): Undefined property: View::$Access in [C:\wamp\www\dtr\views\layouts\default.ctp, line 80]
2015-09-01 10:00:51 Debug: Notice (8): Undefined property: View::$Access in [C:\wamp\www\dtr\views\layouts\default.ctp, line 80]
2015-09-01 10:01:06 Debug: Notice (8): Undefined property: View::$Access in [C:\wamp\www\dtr\views\layouts\default.ctp, line 80]
2015-09-01 10:01:07 Debug: Notice (8): Undefined property: View::$Access in [C:\wamp\www\dtr\views\layouts\default.ctp, line 80]
2015-09-01 10:05:19 Debug: Notice (8): Undefined property: View::$Access in [C:\wamp\www\dtr\views\layouts\default.ctp, line 80]
2015-09-01 10:05:20 Debug: Notice (8): Undefined property: View::$Access in [C:\wamp\www\dtr\views\layouts\default.ctp, line 80]
2015-09-01 10:05:39 Debug: Notice (8): Undefined property: View::$Access in [C:\wamp\www\dtr\views\layouts\default.ctp, line 80]
2015-09-01 10:05:40 Debug: Notice (8): Undefined property: View::$Access in [C:\wamp\www\dtr\views\layouts\default.ctp, line 80]
2015-09-01 10:05:46 Debug: Notice (8): Undefined property: View::$Access in [C:\wamp\www\dtr\views\layouts\default.ctp, line 80]
2015-09-01 10:05:47 Debug: Notice (8): Undefined property: View::$Access in [C:\wamp\www\dtr\views\layouts\default.ctp, line 80]
2015-09-01 10:09:11 Debug: Notice (8): Undefined property: View::$Access in [C:\wamp\www\dtr\views\layouts\default.ctp, line 80]
2015-09-01 10:09:11 Debug: Notice (8): Undefined property: View::$Access in [C:\wamp\www\dtr\views\layouts\default.ctp, line 80]
2015-09-01 10:09:17 Debug: Notice (8): Undefined property: View::$Access in [C:\wamp\www\dtr\views\layouts\default.ctp, line 80]
2015-09-01 10:09:17 Debug: Notice (8): Undefined property: View::$Access in [C:\wamp\www\dtr\views\layouts\default.ctp, line 80]
2015-09-01 10:09:45 Debug: Notice (8): Undefined property: View::$Access in [C:\wamp\www\dtr\views\layouts\default.ctp, line 80]
2015-09-01 10:09:45 Debug: Notice (8): Undefined property: View::$Access in [C:\wamp\www\dtr\views\layouts\default.ctp, line 80]
2015-09-01 10:09:54 Debug: Notice (8): Undefined property: View::$Access in [C:\wamp\www\dtr\views\layouts\default.ctp, line 80]
2015-09-01 10:09:54 Debug: Notice (8): Undefined property: View::$Access in [C:\wamp\www\dtr\views\layouts\default.ctp, line 80]
2015-09-01 10:10:04 Debug: Notice (8): Undefined property: View::$Access in [C:\wamp\www\dtr\views\layouts\default.ctp, line 80]
2015-09-01 10:10:04 Debug: Notice (8): Undefined property: View::$Access in [C:\wamp\www\dtr\views\layouts\default.ctp, line 80]
2015-09-01 10:10:29 Debug: Notice (8): Undefined property: View::$Access in [C:\wamp\www\dtr\views\layouts\default.ctp, line 80]
2015-09-01 10:10:30 Debug: Notice (8): Undefined property: View::$Access in [C:\wamp\www\dtr\views\layouts\default.ctp, line 80]
2015-09-01 10:10:31 Debug: Notice (8): Undefined property: View::$Access in [C:\wamp\www\dtr\views\layouts\default.ctp, line 80]
2015-09-01 10:10:32 Debug: Notice (8): Undefined property: View::$Access in [C:\wamp\www\dtr\views\layouts\default.ctp, line 80]
2015-09-01 10:10:53 Debug: Notice (8): Undefined property: View::$Access in [C:\wamp\www\dtr\views\layouts\default.ctp, line 80]
2015-09-01 10:10:53 Debug: Notice (8): Undefined property: View::$Access in [C:\wamp\www\dtr\views\layouts\default.ctp, line 80]
2015-09-01 10:11:06 Debug: Notice (8): Undefined property: View::$Access in [C:\wamp\www\dtr\views\layouts\default.ctp, line 80]
2015-09-01 10:11:06 Debug: Notice (8): Undefined property: View::$Access in [C:\wamp\www\dtr\views\layouts\default.ctp, line 80]
2015-09-01 10:11:37 Debug: Notice (8): Undefined property: View::$Access in [C:\wamp\www\dtr\views\layouts\default.ctp, line 80]
2015-09-01 10:11:38 Debug: Notice (8): Undefined property: View::$Access in [C:\wamp\www\dtr\views\layouts\default.ctp, line 80]
2015-09-01 10:16:06 Debug: Notice (8): Undefined property: View::$Access in [C:\wamp\www\dtr\views\layouts\default.ctp, line 80]
2015-09-01 10:16:06 Debug: Notice (8): Undefined property: View::$Access in [C:\wamp\www\dtr\views\layouts\default.ctp, line 80]
2015-09-01 10:16:18 Debug: Notice (8): Undefined property: View::$Access in [C:\wamp\www\dtr\views\layouts\default.ctp, line 80]
2015-09-01 10:16:19 Debug: Notice (8): Undefined property: View::$Access in [C:\wamp\www\dtr\views\layouts\default.ctp, line 80]
2015-09-01 10:22:27 Debug: Notice (8): Undefined property: View::$Access in [C:\wamp\www\dtr\views\layouts\default.ctp, line 80]
2015-09-01 10:22:42 Debug: Notice (8): Undefined property: View::$Access in [C:\wamp\www\dtr\views\layouts\default.ctp, line 80]
2015-09-01 10:23:52 Debug: Notice (8): Undefined property: View::$Access in [C:\wamp\www\dtr\views\layouts\default.ctp, line 80]
2015-09-01 10:23:59 Debug: Notice (8): Undefined property: View::$Access in [C:\wamp\www\dtr\views\layouts\default.ctp, line 80]
2015-09-01 10:24:23 Debug: Notice (8): Undefined property: View::$Access in [C:\wamp\www\dtr\views\layouts\default.ctp, line 80]
2015-09-01 10:24:39 Debug: Notice (8): Undefined property: View::$Access in [C:\wamp\www\dtr\views\layouts\default.ctp, line 80]
2015-09-01 10:24:42 Debug: Notice (8): Undefined property: View::$Access in [C:\wamp\www\dtr\views\layouts\default.ctp, line 80]
2015-09-01 10:24:56 Debug: Notice (8): Undefined property: View::$Access in [C:\wamp\www\dtr\views\layouts\default.ctp, line 80]
2015-09-01 10:24:56 Debug: Notice (8): Undefined property: View::$Access in [C:\wamp\www\dtr\views\layouts\default.ctp, line 80]
2015-09-01 10:25:10 Debug: Notice (8): Undefined property: View::$Access in [C:\wamp\www\dtr\views\layouts\default.ctp, line 80]
2015-09-01 10:25:11 Debug: Notice (8): Undefined property: View::$Access in [C:\wamp\www\dtr\views\layouts\default.ctp, line 80]
2015-09-01 10:25:43 Debug: Notice (8): Undefined property: View::$Access in [C:\wamp\www\dtr\views\layouts\default.ctp, line 80]
2015-09-01 10:25:43 Debug: Notice (8): Undefined property: View::$Access in [C:\wamp\www\dtr\views\layouts\default.ctp, line 80]
2015-09-01 10:25:49 Debug: Notice (8): Undefined property: View::$Access in [C:\wamp\www\dtr\views\layouts\default.ctp, line 80]
2015-09-01 10:25:49 Debug: Notice (8): Undefined property: View::$Access in [C:\wamp\www\dtr\views\layouts\default.ctp, line 80]
2015-09-01 10:26:29 Debug: Notice (8): Undefined property: View::$Access in [C:\wamp\www\dtr\views\layouts\default.ctp, line 80]
2015-09-01 10:26:30 Debug: Notice (8): Undefined property: View::$Access in [C:\wamp\www\dtr\views\layouts\default.ctp, line 80]
2015-09-01 10:26:45 Debug: Notice (8): Undefined property: View::$Access in [C:\wamp\www\dtr\views\layouts\default.ctp, line 80]
2015-09-01 10:26:51 Debug: Notice (8): Undefined property: View::$Access in [C:\wamp\www\dtr\views\layouts\default.ctp, line 80]
2015-09-01 10:26:55 Debug: Notice (8): Undefined property: View::$Access in [C:\wamp\www\dtr\views\layouts\default.ctp, line 80]
2015-09-01 10:28:02 Debug: Notice (8): Undefined property: View::$Access in [C:\wamp\www\dtr\views\layouts\default.ctp, line 80]
2015-09-01 10:28:22 Debug: Notice (8): Undefined property: View::$Access in [C:\wamp\www\dtr\views\layouts\default.ctp, line 80]
2015-09-01 10:28:38 Debug: Notice (8): Undefined property: View::$Access in [C:\wamp\www\dtr\views\layouts\default.ctp, line 80]
2015-09-01 10:30:30 Debug: Notice (8): Undefined property: View::$Access in [C:\wamp\www\dtr\views\layouts\default.ctp, line 80]
2015-09-01 10:30:47 Debug: Notice (8): Undefined property: View::$Access in [C:\wamp\www\dtr\views\layouts\default.ctp, line 80]
2015-09-01 10:30:54 Debug: Notice (8): Undefined property: View::$Access in [C:\wamp\www\dtr\views\layouts\default.ctp, line 80]
2015-09-01 10:31:20 Debug: Notice (8): Undefined property: View::$Access in [C:\wamp\www\dtr\views\layouts\default.ctp, line 80]
2015-09-01 10:31:38 Debug: Notice (8): Undefined property: View::$Access in [C:\wamp\www\dtr\views\layouts\default.ctp, line 80]
2015-09-01 10:39:11 Debug: Notice (8): Undefined property: View::$Access in [C:\wamp\www\DTR\views\layouts\default.ctp, line 80]
2015-09-03 04:51:21 Debug: Notice (8): Undefined property: View::$Access in [C:\wamp\www\DTR\views\layouts\default.ctp, line 80]
2015-09-03 06:27:18 Debug: Notice (8): Undefined property: View::$Access in [C:\wamp\www\DTR\views\layouts\default.ctp, line 80]
2015-09-03 06:27:20 Debug: Notice (8): Undefined property: View::$Access in [C:\wamp\www\DTR\views\layouts\default.ctp, line 80]
2015-09-03 07:06:57 Debug: Notice (8): Undefined property: View::$Access in [C:\wamp\www\DTR\views\layouts\default.ctp, line 80]
2015-09-04 06:56:46 Debug: Notice (8): Undefined property: View::$Access in [C:\wamp\www\DTR\views\layouts\default.ctp, line 80]
2015-09-04 06:56:49 Debug: Notice (8): Undefined property: View::$Access in [C:\wamp\www\DTR\views\layouts\default.ctp, line 80]
2015-09-07 04:13:57 Debug: Notice (8): Undefined property: View::$Access in [C:\wamp\www\DTR\views\layouts\default.ctp, line 80]
2015-09-07 04:13:57 Debug: Notice (8): Undefined property: View::$Access in [C:\wamp\www\DTR\views\layouts\default.ctp, line 80]
2015-09-07 04:14:06 Debug: Notice (8): Undefined property: View::$Access in [C:\wamp\www\DTR\views\layouts\default.ctp, line 80]
2015-09-07 04:15:06 Debug: Notice (8): Undefined property: View::$Access in [C:\wamp\www\DTR\views\layouts\default.ctp, line 80]
2015-09-07 04:17:30 Debug: Notice (8): Undefined property: View::$Access in [C:\wamp\www\DTR\views\layouts\default.ctp, line 80]
2015-09-07 04:18:06 Debug: Notice (8): Undefined property: View::$Access in [C:\wamp\www\DTR\views\layouts\default.ctp, line 80]
2015-09-07 04:19:11 Debug: Notice (8): Undefined property: View::$Access in [C:\wamp\www\DTR\views\layouts\default.ctp, line 80]
2015-09-07 04:20:00 Debug: Notice (8): Undefined property: View::$Access in [C:\wamp\www\DTR\views\layouts\default.ctp, line 80]
2015-09-07 04:20:25 Debug: Notice (8): Undefined property: View::$Access in [C:\wamp\www\DTR\views\layouts\default.ctp, line 80]
2015-09-07 04:21:06 Debug: Notice (8): Undefined property: View::$Access in [C:\wamp\www\DTR\views\layouts\default.ctp, line 80]
2015-09-07 04:27:14 Debug: Notice (8): Undefined property: View::$Access in [C:\wamp\www\DTR\views\layouts\default.ctp, line 80]
2015-09-07 04:27:37 Debug: Notice (8): Undefined property: View::$Access in [C:\wamp\www\DTR\views\layouts\default.ctp, line 80]
2015-09-07 04:27:48 Debug: Notice (8): Undefined property: View::$Access in [C:\wamp\www\DTR\views\layouts\default.ctp, line 80]
2015-09-07 04:30:11 Debug: Notice (8): Undefined property: View::$Access in [C:\wamp\www\DTR\views\layouts\default.ctp, line 80]
2015-09-07 04:30:23 Debug: Notice (8): Undefined property: View::$Access in [C:\wamp\www\DTR\views\layouts\default.ctp, line 80]
2015-09-07 04:30:44 Debug: Notice (8): Undefined property: View::$Access in [C:\wamp\www\DTR\views\layouts\default.ctp, line 80]
2015-09-07 04:31:06 Debug: Notice (8): Undefined property: View::$Access in [C:\wamp\www\DTR\views\layouts\default.ctp, line 80]
2015-09-07 04:31:39 Debug: Notice (8): Undefined property: View::$Access in [C:\wamp\www\DTR\views\layouts\default.ctp, line 80]
2015-09-07 04:31:39 Debug: Notice (8): Undefined property: View::$Access in [C:\wamp\www\DTR\views\layouts\default.ctp, line 80]
2015-09-07 04:31:40 Debug: Notice (8): Undefined property: View::$Access in [C:\wamp\www\DTR\views\layouts\default.ctp, line 80]
2015-09-07 04:31:40 Debug: Notice (8): Undefined property: View::$Access in [C:\wamp\www\DTR\views\layouts\default.ctp, line 80]
2015-09-07 04:31:40 Debug: Notice (8): Undefined property: View::$Access in [C:\wamp\www\DTR\views\layouts\default.ctp, line 80]
2015-09-07 04:34:07 Debug: Notice (8): Undefined property: View::$Access in [C:\wamp\www\DTR\views\layouts\default.ctp, line 80]
2015-09-07 04:34:25 Debug: Notice (8): Undefined property: View::$Access in [C:\wamp\www\DTR\views\layouts\default.ctp, line 80]
2015-09-07 04:36:17 Debug: Notice (8): Undefined property: View::$Access in [C:\wamp\www\DTR\views\layouts\default.ctp, line 80]
2015-09-07 04:36:26 Debug: Notice (8): Undefined property: View::$Access in [C:\wamp\www\DTR\views\layouts\default.ctp, line 80]
2015-09-07 04:41:42 Debug: Notice (8): Undefined property: View::$Access in [C:\wamp\www\DTR\views\layouts\default.ctp, line 80]
2015-09-07 04:46:37 Debug: Notice (8): Undefined property: View::$Access in [C:\wamp\www\DTR\views\layouts\default.ctp, line 80]
2015-09-07 04:46:45 Debug: Notice (8): Undefined property: View::$Access in [C:\wamp\www\DTR\views\layouts\default.ctp, line 80]
2015-09-07 04:46:45 Debug: Notice (8): Undefined property: View::$Access in [C:\wamp\www\DTR\views\layouts\default.ctp, line 80]
2015-09-07 04:46:53 Debug: Notice (8): Undefined property: View::$Access in [C:\wamp\www\DTR\views\layouts\default.ctp, line 80]
2015-09-07 04:46:53 Debug: Notice (8): Undefined property: View::$Access in [C:\wamp\www\DTR\views\layouts\default.ctp, line 80]
2015-09-07 04:47:33 Debug: Notice (8): Undefined property: View::$Access in [C:\wamp\www\DTR\views\layouts\default.ctp, line 80]
2015-09-07 04:47:40 Debug: Notice (8): Undefined property: View::$Access in [C:\wamp\www\DTR\views\layouts\default.ctp, line 80]
2015-09-07 04:47:49 Debug: Notice (8): Undefined property: View::$Access in [C:\wamp\www\DTR\views\layouts\default.ctp, line 80]
2015-09-07 04:51:13 Debug: Notice (8): Undefined property: View::$Access in [C:\wamp\www\DTR\views\layouts\default.ctp, line 80]
2015-09-07 04:51:16 Debug: Notice (8): Undefined property: View::$Access in [C:\wamp\www\DTR\views\layouts\default.ctp, line 80]
2015-09-07 04:51:17 Debug: Notice (8): Undefined property: View::$Access in [C:\wamp\www\DTR\views\layouts\default.ctp, line 80]
2015-09-07 04:51:19 Debug: Notice (8): Undefined property: View::$Access in [C:\wamp\www\DTR\views\layouts\default.ctp, line 80]
2015-09-07 04:51:20 Debug: Notice (8): Undefined property: View::$Access in [C:\wamp\www\DTR\views\layouts\default.ctp, line 80]
2015-09-07 04:51:41 Debug: Notice (8): Undefined property: View::$Access in [C:\wamp\www\DTR\views\layouts\default.ctp, line 80]
2015-09-07 04:51:41 Debug: Notice (8): Undefined property: View::$Access in [C:\wamp\www\DTR\views\layouts\default.ctp, line 80]
2015-09-07 04:52:57 Debug: Notice (8): Undefined property: View::$Access in [C:\wamp\www\DTR\views\layouts\default.ctp, line 80]
2015-09-07 04:52:57 Debug: Notice (8): Undefined property: View::$Access in [C:\wamp\www\DTR\views\layouts\default.ctp, line 80]
2015-09-07 04:54:16 Debug: Notice (8): Undefined property: View::$Access in [C:\wamp\www\DTR\views\layouts\default.ctp, line 80]
2015-09-07 04:54:17 Debug: Notice (8): Undefined property: View::$Access in [C:\wamp\www\DTR\views\layouts\default.ctp, line 80]
2015-09-07 04:54:17 Debug: Notice (8): Undefined property: View::$Access in [C:\wamp\www\DTR\views\layouts\default.ctp, line 80]
2015-09-07 04:54:17 Debug: Notice (8): Undefined property: View::$Access in [C:\wamp\www\DTR\views\layouts\default.ctp, line 80]
2015-09-07 04:54:17 Debug: Notice (8): Undefined property: View::$Access in [C:\wamp\www\DTR\views\layouts\default.ctp, line 80]
2015-09-07 04:54:17 Debug: Notice (8): Undefined property: View::$Access in [C:\wamp\www\DTR\views\layouts\default.ctp, line 80]
2015-09-07 04:54:26 Debug: Notice (8): Undefined property: View::$Access in [C:\wamp\www\DTR\views\layouts\default.ctp, line 80]
2015-09-07 04:54:26 Debug: Notice (8): Undefined property: View::$Access in [C:\wamp\www\DTR\views\layouts\default.ctp, line 80]
2015-09-07 04:54:31 Debug: Notice (8): Undefined property: View::$Access in [C:\wamp\www\DTR\views\layouts\default.ctp, line 80]
2015-09-07 04:54:31 Debug: Notice (8): Undefined property: View::$Access in [C:\wamp\www\DTR\views\layouts\default.ctp, line 80]
2015-09-07 04:54:31 Debug: Notice (8): Undefined property: View::$Access in [C:\wamp\www\DTR\views\layouts\default.ctp, line 80]
2015-09-07 04:54:31 Debug: Notice (8): Undefined property: View::$Access in [C:\wamp\www\DTR\views\layouts\default.ctp, line 80]
2015-09-07 04:54:50 Debug: Notice (8): Undefined property: View::$Access in [C:\wamp\www\DTR\views\layouts\default.ctp, line 80]
2015-09-07 04:54:51 Debug: Notice (8): Undefined property: View::$Access in [C:\wamp\www\DTR\views\layouts\default.ctp, line 80]
2015-09-07 04:54:51 Debug: Notice (8): Undefined property: View::$Access in [C:\wamp\www\DTR\views\layouts\default.ctp, line 80]
2015-09-07 04:54:51 Debug: Notice (8): Undefined property: View::$Access in [C:\wamp\www\DTR\views\layouts\default.ctp, line 80]
2015-09-07 04:54:51 Debug: Notice (8): Undefined property: View::$Access in [C:\wamp\www\DTR\views\layouts\default.ctp, line 80]
2015-09-07 04:54:52 Debug: Notice (8): Undefined property: View::$Access in [C:\wamp\www\DTR\views\layouts\default.ctp, line 80]
2015-09-07 04:54:52 Debug: Notice (8): Undefined property: View::$Access in [C:\wamp\www\DTR\views\layouts\default.ctp, line 80]
2015-09-07 04:54:52 Debug: Notice (8): Undefined property: View::$Access in [C:\wamp\www\DTR\views\layouts\default.ctp, line 80]
2015-09-07 04:54:52 Debug: Notice (8): Undefined property: View::$Access in [C:\wamp\www\DTR\views\layouts\default.ctp, line 80]
2015-09-07 04:54:52 Debug: Notice (8): Undefined property: View::$Access in [C:\wamp\www\DTR\views\layouts\default.ctp, line 80]
2015-09-07 04:54:54 Debug: Notice (8): Undefined property: View::$Access in [C:\wamp\www\DTR\views\layouts\default.ctp, line 80]
2015-09-07 04:54:54 Debug: Notice (8): Undefined property: View::$Access in [C:\wamp\www\DTR\views\layouts\default.ctp, line 80]
2015-09-07 04:54:55 Debug: Notice (8): Undefined property: View::$Access in [C:\wamp\www\DTR\views\layouts\default.ctp, line 80]
2015-09-07 04:54:55 Debug: Notice (8): Undefined property: View::$Access in [C:\wamp\www\DTR\views\layouts\default.ctp, line 80]
2015-09-07 04:55:01 Debug: Notice (8): Undefined property: View::$Access in [C:\wamp\www\DTR\views\layouts\default.ctp, line 80]
2015-09-07 04:55:02 Debug: Notice (8): Undefined property: View::$Access in [C:\wamp\www\DTR\views\layouts\default.ctp, line 80]
2015-09-07 04:55:04 Debug: Notice (8): Undefined property: View::$Access in [C:\wamp\www\DTR\views\layouts\default.ctp, line 80]
2015-09-07 04:55:14 Debug: Notice (8): Undefined property: View::$Access in [C:\wamp\www\DTR\views\layouts\default.ctp, line 80]
2015-09-07 04:55:14 Debug: Notice (8): Undefined property: View::$Access in [C:\wamp\www\DTR\views\layouts\default.ctp, line 80]
2015-09-07 04:55:14 Debug: Notice (8): Undefined property: View::$Access in [C:\wamp\www\DTR\views\layouts\default.ctp, line 80]
2015-09-07 04:55:14 Debug: Notice (8): Undefined property: View::$Access in [C:\wamp\www\DTR\views\layouts\default.ctp, line 80]
2015-09-07 04:55:14 Debug: Notice (8): Undefined property: View::$Access in [C:\wamp\www\DTR\views\layouts\default.ctp, line 80]
2015-09-07 04:55:14 Debug: Notice (8): Undefined property: View::$Access in [C:\wamp\www\DTR\views\layouts\default.ctp, line 80]
2015-09-07 04:55:47 Debug: Notice (8): Undefined property: View::$Access in [C:\wamp\www\DTR\views\layouts\default.ctp, line 80]
2015-09-07 04:55:48 Debug: Notice (8): Undefined property: View::$Access in [C:\wamp\www\DTR\views\layouts\default.ctp, line 80]
2015-09-07 04:55:49 Debug: Notice (8): Undefined property: View::$Access in [C:\wamp\www\DTR\views\layouts\default.ctp, line 80]
2015-09-07 04:55:50 Debug: Notice (8): Undefined property: View::$Access in [C:\wamp\www\DTR\views\layouts\default.ctp, line 80]
2015-09-07 04:55:50 Debug: Notice (8): Undefined property: View::$Access in [C:\wamp\www\DTR\views\layouts\default.ctp, line 80]
2015-09-07 04:55:50 Debug: Notice (8): Undefined property: View::$Access in [C:\wamp\www\DTR\views\layouts\default.ctp, line 80]
2015-09-07 04:55:50 Debug: Notice (8): Undefined property: View::$Access in [C:\wamp\www\DTR\views\layouts\default.ctp, line 80]
2015-09-07 04:55:50 Debug: Notice (8): Undefined property: View::$Access in [C:\wamp\www\DTR\views\layouts\default.ctp, line 80]
2015-09-07 04:55:50 Debug: Notice (8): Undefined property: View::$Access in [C:\wamp\www\DTR\views\layouts\default.ctp, line 80]
2015-09-07 04:55:51 Debug: Notice (8): Undefined property: View::$Access in [C:\wamp\www\DTR\views\layouts\default.ctp, line 80]
2015-09-07 04:55:51 Debug: Notice (8): Undefined property: View::$Access in [C:\wamp\www\DTR\views\layouts\default.ctp, line 80]
2015-09-07 04:55:51 Debug: Notice (8): Undefined property: View::$Access in [C:\wamp\www\DTR\views\layouts\default.ctp, line 80]
2015-09-07 04:55:51 Debug: Notice (8): Undefined property: View::$Access in [C:\wamp\www\DTR\views\layouts\default.ctp, line 80]
2015-09-07 04:55:51 Debug: Notice (8): Undefined property: View::$Access in [C:\wamp\www\DTR\views\layouts\default.ctp, line 80]
2015-09-07 04:56:45 Debug: Notice (8): Undefined property: View::$Access in [C:\wamp\www\DTR\views\layouts\default.ctp, line 80]
2015-09-07 04:56:46 Debug: Notice (8): Undefined property: View::$Access in [C:\wamp\www\DTR\views\layouts\default.ctp, line 80]
2015-09-07 04:56:46 Debug: Notice (8): Undefined property: View::$Access in [C:\wamp\www\DTR\views\layouts\default.ctp, line 80]
2015-09-07 04:56:46 Debug: Notice (8): Undefined property: View::$Access in [C:\wamp\www\DTR\views\layouts\default.ctp, line 80]
2015-09-07 04:56:46 Debug: Notice (8): Undefined property: View::$Access in [C:\wamp\www\DTR\views\layouts\default.ctp, line 80]
2015-09-07 04:56:46 Debug: Notice (8): Undefined property: View::$Access in [C:\wamp\www\DTR\views\layouts\default.ctp, line 80]
2015-09-07 04:56:52 Debug: Notice (8): Undefined property: View::$Access in [C:\wamp\www\DTR\views\layouts\default.ctp, line 80]
2015-09-07 04:56:58 Debug: Notice (8): Undefined property: View::$Access in [C:\wamp\www\DTR\views\layouts\default.ctp, line 80]
2015-09-07 04:56:58 Debug: Notice (8): Undefined property: View::$Access in [C:\wamp\www\DTR\views\layouts\default.ctp, line 80]
2015-09-07 04:56:58 Debug: Notice (8): Undefined property: View::$Access in [C:\wamp\www\DTR\views\layouts\default.ctp, line 80]
2015-09-07 04:56:58 Debug: Notice (8): Undefined property: View::$Access in [C:\wamp\www\DTR\views\layouts\default.ctp, line 80]
2015-09-07 04:57:41 Debug: Notice (8): Undefined property: View::$Access in [C:\wamp\www\DTR\views\layouts\default.ctp, line 80]
2015-09-07 04:57:41 Debug: Notice (8): Undefined property: View::$Access in [C:\wamp\www\DTR\views\layouts\default.ctp, line 80]
2015-09-07 04:57:41 Debug: Notice (8): Undefined property: View::$Access in [C:\wamp\www\DTR\views\layouts\default.ctp, line 80]
2015-09-07 04:57:41 Debug: Notice (8): Undefined property: View::$Access in [C:\wamp\www\DTR\views\layouts\default.ctp, line 80]
2015-09-07 04:57:42 Debug: Notice (8): Undefined property: View::$Access in [C:\wamp\www\DTR\views\layouts\default.ctp, line 80]
2015-09-07 04:57:42 Debug: Notice (8): Undefined property: View::$Access in [C:\wamp\www\DTR\views\layouts\default.ctp, line 80]
2015-09-07 04:57:42 Debug: Notice (8): Undefined property: View::$Access in [C:\wamp\www\DTR\views\layouts\default.ctp, line 80]
2015-09-07 04:57:42 Debug: Notice (8): Undefined property: View::$Access in [C:\wamp\www\DTR\views\layouts\default.ctp, line 80]
2015-09-07 04:57:42 Debug: Notice (8): Undefined property: View::$Access in [C:\wamp\www\DTR\views\layouts\default.ctp, line 80]
2015-09-07 04:57:42 Debug: Notice (8): Undefined property: View::$Access in [C:\wamp\www\DTR\views\layouts\default.ctp, line 80]
2015-09-07 04:57:47 Debug: Notice (8): Undefined property: View::$Access in [C:\wamp\www\DTR\views\layouts\default.ctp, line 80]
2015-09-07 04:57:47 Debug: Notice (8): Undefined property: View::$Access in [C:\wamp\www\DTR\views\layouts\default.ctp, line 80]
2015-09-07 04:57:47 Debug: Notice (8): Undefined property: View::$Access in [C:\wamp\www\DTR\views\layouts\default.ctp, line 80]
2015-09-07 04:57:47 Debug: Notice (8): Undefined property: View::$Access in [C:\wamp\www\DTR\views\layouts\default.ctp, line 80]
2015-09-07 04:57:55 Debug: Notice (8): Undefined property: View::$Access in [C:\wamp\www\DTR\views\layouts\default.ctp, line 80]
2015-09-07 04:57:55 Debug: Notice (8): Undefined property: View::$Access in [C:\wamp\www\DTR\views\layouts\default.ctp, line 80]
2015-09-07 04:57:55 Debug: Notice (8): Undefined property: View::$Access in [C:\wamp\www\DTR\views\layouts\default.ctp, line 80]
2015-09-07 04:57:55 Debug: Notice (8): Undefined property: View::$Access in [C:\wamp\www\DTR\views\layouts\default.ctp, line 80]
2015-09-07 04:57:56 Debug: Notice (8): Undefined property: View::$Access in [C:\wamp\www\DTR\views\layouts\default.ctp, line 80]
2015-09-07 04:57:56 Debug: Notice (8): Undefined property: View::$Access in [C:\wamp\www\DTR\views\layouts\default.ctp, line 80]
2015-09-07 04:57:56 Debug: Notice (8): Undefined property: View::$Access in [C:\wamp\www\DTR\views\layouts\default.ctp, line 80]
2015-09-07 04:57:56 Debug: Notice (8): Undefined property: View::$Access in [C:\wamp\www\DTR\views\layouts\default.ctp, line 80]
2015-09-07 04:57:56 Debug: Notice (8): Undefined property: View::$Access in [C:\wamp\www\DTR\views\layouts\default.ctp, line 80]
2015-09-07 04:58:14 Debug: Notice (8): Undefined property: View::$Access in [C:\wamp\www\DTR\views\layouts\default.ctp, line 80]
2015-09-07 04:58:15 Debug: Notice (8): Undefined property: View::$Access in [C:\wamp\www\DTR\views\layouts\default.ctp, line 80]
2015-09-07 04:58:23 Debug: Notice (8): Undefined property: View::$Access in [C:\wamp\www\DTR\views\layouts\default.ctp, line 80]
2015-09-07 04:58:23 Debug: Notice (8): Undefined property: View::$Access in [C:\wamp\www\DTR\views\layouts\default.ctp, line 80]
2015-09-07 05:35:53 Debug: Notice (8): Undefined property: View::$Access in [C:\wamp\www\DTR\views\layouts\default.ctp, line 80]
2015-09-07 05:35:57 Debug: Notice (8): Undefined property: View::$Access in [C:\wamp\www\DTR\views\layouts\default.ctp, line 80]
2015-09-07 05:36:21 Debug: Notice (8): Undefined property: View::$Access in [C:\wamp\www\DTR\views\layouts\default.ctp, line 80]
2015-09-07 05:36:22 Debug: Notice (8): Undefined property: View::$Access in [C:\wamp\www\DTR\views\layouts\default.ctp, line 80]
2015-09-07 05:36:25 Debug: Notice (8): Undefined property: View::$Access in [C:\wamp\www\DTR\views\layouts\default.ctp, line 80]
2015-09-07 05:36:25 Debug: Notice (8): Undefined property: View::$Access in [C:\wamp\www\DTR\views\layouts\default.ctp, line 80]
2015-09-07 05:39:31 Debug: Notice (8): Undefined property: View::$Access in [C:\wamp\www\DTR\views\layouts\default.ctp, line 80]
2015-09-07 05:39:31 Debug: Notice (8): Undefined property: View::$Access in [C:\wamp\www\DTR\views\layouts\default.ctp, line 80]
2015-09-07 05:39:49 Debug: Notice (8): Undefined property: View::$Access in [C:\wamp\www\DTR\views\layouts\default.ctp, line 80]
2015-09-07 05:39:49 Debug: Notice (8): Undefined property: View::$Access in [C:\wamp\www\DTR\views\layouts\default.ctp, line 80]
2015-09-07 05:40:23 Debug: Notice (8): Undefined property: View::$Access in [C:\wamp\www\DTR\views\layouts\default.ctp, line 80]
2015-09-07 05:40:24 Debug: Notice (8): Undefined property: View::$Access in [C:\wamp\www\DTR\views\layouts\default.ctp, line 80]
2015-09-07 05:40:46 Debug: Notice (8): Undefined property: View::$Access in [C:\wamp\www\DTR\views\layouts\default.ctp, line 80]
2015-09-07 05:40:46 Debug: Notice (8): Undefined property: View::$Access in [C:\wamp\www\DTR\views\layouts\default.ctp, line 80]
2015-09-07 05:47:46 Debug: Notice (8): Undefined property: View::$Access in [C:\wamp\www\DTR\views\layouts\default.ctp, line 80]
2015-09-07 05:47:46 Debug: Notice (8): Undefined property: View::$Access in [C:\wamp\www\DTR\views\layouts\default.ctp, line 80]
2015-09-07 05:50:35 Debug: Notice (8): Undefined property: View::$Access in [C:\wamp\www\DTR\views\layouts\default.ctp, line 80]
2015-09-07 05:50:35 Debug: Notice (8): Undefined property: View::$Access in [C:\wamp\www\DTR\views\layouts\default.ctp, line 80]
2015-09-07 05:52:31 Debug: Notice (8): Undefined property: View::$Access in [C:\wamp\www\DTR\views\layouts\default.ctp, line 80]
2015-09-07 05:52:32 Debug: Notice (8): Undefined property: View::$Access in [C:\wamp\www\DTR\views\layouts\default.ctp, line 80]
2015-09-07 05:57:28 Debug: Notice (8): Undefined property: View::$Access in [C:\wamp\www\DTR\views\layouts\default.ctp, line 80]
2015-09-07 05:57:29 Debug: Notice (8): Undefined property: View::$Access in [C:\wamp\www\DTR\views\layouts\default.ctp, line 80]
2015-09-07 06:06:27 Debug: Notice (8): Undefined property: View::$Access in [C:\wamp\www\DTR\views\layouts\default.ctp, line 80]
2015-09-07 06:06:28 Debug: Notice (8): Undefined property: View::$Access in [C:\wamp\www\DTR\views\layouts\default.ctp, line 80]
2015-09-07 06:07:28 Debug: Notice (8): Undefined property: View::$Access in [C:\wamp\www\DTR\views\layouts\default.ctp, line 80]
2015-09-07 06:07:29 Debug: Notice (8): Undefined property: View::$Access in [C:\wamp\www\DTR\views\layouts\default.ctp, line 80]
2015-09-07 06:08:26 Debug: Notice (8): Undefined property: View::$Access in [C:\wamp\www\DTR\views\layouts\default.ctp, line 80]
2015-09-07 06:08:26 Debug: Notice (8): Undefined property: View::$Access in [C:\wamp\www\DTR\views\layouts\default.ctp, line 80]
2015-09-07 06:08:33 Debug: Notice (8): Undefined property: View::$Access in [C:\wamp\www\DTR\views\layouts\default.ctp, line 80]
2015-09-07 06:08:33 Debug: Notice (8): Undefined property: View::$Access in [C:\wamp\www\DTR\views\layouts\default.ctp, line 80]
2015-09-07 06:09:58 Debug: Notice (8): Undefined property: View::$Access in [C:\wamp\www\DTR\views\layouts\default.ctp, line 80]
2015-09-07 06:09:58 Debug: Notice (8): Undefined property: View::$Access in [C:\wamp\www\DTR\views\layouts\default.ctp, line 80]
2015-09-07 06:09:58 Debug: Notice (8): Undefined property: View::$Access in [C:\wamp\www\DTR\views\layouts\default.ctp, line 80]
2015-09-07 06:09:58 Debug: Notice (8): Undefined property: View::$Access in [C:\wamp\www\DTR\views\layouts\default.ctp, line 80]
2015-09-07 07:01:36 Debug: Notice (8): Undefined property: View::$Access in [C:\wamp\www\DTR\views\layouts\default.ctp, line 80]
2015-09-07 07:01:37 Debug: Notice (8): Undefined property: View::$Access in [C:\wamp\www\DTR\views\layouts\default.ctp, line 80]
2015-09-07 07:01:39 Debug: Notice (8): Undefined property: View::$Access in [C:\wamp\www\DTR\views\layouts\default.ctp, line 80]
2015-09-07 07:02:56 Debug: Notice (8): Undefined property: View::$Access in [C:\wamp\www\DTR\views\layouts\default.ctp, line 80]
2015-09-07 07:02:56 Debug: Notice (8): Undefined property: View::$Access in [C:\wamp\www\DTR\views\layouts\default.ctp, line 80]
2015-09-07 07:02:56 Debug: Notice (8): Undefined property: View::$Access in [C:\wamp\www\DTR\views\layouts\default.ctp, line 80]
2015-09-07 07:02:56 Debug: Notice (8): Undefined property: View::$Access in [C:\wamp\www\DTR\views\layouts\default.ctp, line 80]
2015-09-07 07:03:27 Debug: Notice (8): Undefined property: View::$Access in [C:\wamp\www\DTR\views\layouts\default.ctp, line 80]
2015-09-07 07:03:27 Debug: Notice (8): Undefined property: View::$Access in [C:\wamp\www\DTR\views\layouts\default.ctp, line 80]
2015-09-07 07:03:27 Debug: Notice (8): Undefined property: View::$Access in [C:\wamp\www\DTR\views\layouts\default.ctp, line 80]
2015-09-07 07:03:28 Debug: Notice (8): Undefined property: View::$Access in [C:\wamp\www\DTR\views\layouts\default.ctp, line 80]
2015-09-07 07:03:33 Debug: Notice (8): Undefined property: View::$Access in [C:\wamp\www\DTR\views\layouts\default.ctp, line 80]
2015-09-07 07:03:33 Debug: Notice (8): Undefined property: View::$Access in [C:\wamp\www\DTR\views\layouts\default.ctp, line 80]
2015-09-07 07:03:33 Debug: Notice (8): Undefined property: View::$Access in [C:\wamp\www\DTR\views\layouts\default.ctp, line 80]
2015-09-07 07:03:34 Debug: Notice (8): Undefined property: View::$Access in [C:\wamp\www\DTR\views\layouts\default.ctp, line 80]
2015-09-07 07:03:50 Debug: Notice (8): Undefined property: View::$Access in [C:\wamp\www\DTR\views\layouts\default.ctp, line 80]
2015-09-07 07:03:51 Debug: Notice (8): Undefined property: View::$Access in [C:\wamp\www\DTR\views\layouts\default.ctp, line 80]
2015-09-07 07:03:51 Debug: Notice (8): Undefined property: View::$Access in [C:\wamp\www\DTR\views\layouts\default.ctp, line 80]
2015-09-07 07:04:03 Debug: Notice (8): Undefined property: View::$Access in [C:\wamp\www\DTR\views\layouts\default.ctp, line 80]
2015-09-07 07:04:03 Debug: Notice (8): Undefined property: View::$Access in [C:\wamp\www\DTR\views\layouts\default.ctp, line 80]
2015-09-07 07:04:03 Debug: Notice (8): Undefined property: View::$Access in [C:\wamp\www\DTR\views\layouts\default.ctp, line 80]
2015-09-07 07:04:15 Debug: Notice (8): Undefined property: View::$Access in [C:\wamp\www\DTR\views\layouts\default.ctp, line 80]
2015-09-07 07:04:15 Debug: Notice (8): Undefined property: View::$Access in [C:\wamp\www\DTR\views\layouts\default.ctp, line 80]
2015-09-07 07:04:15 Debug: Notice (8): Undefined property: View::$Access in [C:\wamp\www\DTR\views\layouts\default.ctp, line 80]
2015-09-07 07:04:20 Debug: Notice (8): Undefined property: View::$Access in [C:\wamp\www\DTR\views\layouts\default.ctp, line 80]
2015-09-07 07:04:20 Debug: Notice (8): Undefined property: View::$Access in [C:\wamp\www\DTR\views\layouts\default.ctp, line 80]
2015-09-07 07:04:23 Debug: Notice (8): Undefined property: View::$Access in [C:\wamp\www\DTR\views\layouts\default.ctp, line 80]
2015-09-07 07:04:23 Debug: Notice (8): Undefined property: View::$Access in [C:\wamp\www\DTR\views\layouts\default.ctp, line 80]
2015-09-07 07:04:29 Debug: Notice (8): Undefined property: View::$Access in [C:\wamp\www\DTR\views\layouts\default.ctp, line 80]
2015-09-07 07:04:29 Debug: Notice (8): Undefined property: View::$Access in [C:\wamp\www\DTR\views\layouts\default.ctp, line 80]
2015-09-07 07:04:34 Debug: Notice (8): Undefined property: View::$Access in [C:\wamp\www\DTR\views\layouts\default.ctp, line 80]
2015-09-07 07:04:34 Debug: Notice (8): Undefined property: View::$Access in [C:\wamp\www\DTR\views\layouts\default.ctp, line 80]
2015-09-07 07:05:02 Debug: Notice (8): Undefined property: View::$Access in [C:\wamp\www\DTR\views\layouts\default.ctp, line 80]
2015-09-07 07:05:02 Debug: Notice (8): Undefined property: View::$Access in [C:\wamp\www\DTR\views\layouts\default.ctp, line 80]
2015-09-07 07:05:04 Debug: Notice (8): Undefined property: View::$Access in [C:\wamp\www\DTR\views\layouts\default.ctp, line 80]
2015-09-07 07:05:04 Debug: Notice (8): Undefined property: View::$Access in [C:\wamp\www\DTR\views\layouts\default.ctp, line 80]
2015-09-07 07:05:05 Debug: Notice (8): Undefined property: View::$Access in [C:\wamp\www\DTR\views\layouts\default.ctp, line 80]
2015-09-07 07:05:05 Debug: Notice (8): Undefined property: View::$Access in [C:\wamp\www\DTR\views\layouts\default.ctp, line 80]
2015-09-07 07:05:07 Debug: Notice (8): Undefined property: View::$Access in [C:\wamp\www\DTR\views\layouts\default.ctp, line 80]
2015-09-07 07:05:07 Debug: Notice (8): Undefined property: View::$Access in [C:\wamp\www\DTR\views\layouts\default.ctp, line 80]
2015-09-07 07:06:44 Debug: Notice (8): Undefined property: View::$Access in [C:\wamp\www\DTR\views\layouts\default.ctp, line 80]
2015-09-07 07:06:45 Debug: Notice (8): Undefined property: View::$Access in [C:\wamp\www\DTR\views\layouts\default.ctp, line 80]
2015-09-07 07:07:00 Debug: Notice (8): Undefined property: View::$Access in [C:\wamp\www\DTR\views\layouts\default.ctp, line 80]
2015-09-07 07:07:00 Debug: Notice (8): Undefined property: View::$Access in [C:\wamp\www\DTR\views\layouts\default.ctp, line 80]
2015-09-07 07:07:20 Debug: Notice (8): Undefined property: View::$Access in [C:\wamp\www\DTR\views\layouts\default.ctp, line 80]
2015-09-07 07:07:20 Debug: Notice (8): Undefined property: View::$Access in [C:\wamp\www\DTR\views\layouts\default.ctp, line 80]
2015-09-07 07:07:36 Debug: Notice (8): Undefined property: View::$Access in [C:\wamp\www\DTR\views\layouts\default.ctp, line 80]
2015-09-07 07:07:37 Debug: Notice (8): Undefined property: View::$Access in [C:\wamp\www\DTR\views\layouts\default.ctp, line 80]
2015-09-07 07:10:41 Debug: Notice (8): Undefined property: View::$Access in [C:\wamp\www\DTR\views\layouts\default.ctp, line 80]
2015-09-07 07:10:41 Debug: Notice (8): Undefined property: View::$Access in [C:\wamp\www\DTR\views\layouts\default.ctp, line 80]
2015-09-07 07:11:07 Debug: Notice (8): Undefined property: View::$Access in [C:\wamp\www\DTR\views\layouts\default.ctp, line 80]
2015-09-07 07:11:07 Debug: Notice (8): Undefined property: View::$Access in [C:\wamp\www\DTR\views\layouts\default.ctp, line 80]
2015-09-07 07:11:46 Debug: Notice (8): Undefined property: View::$Access in [C:\wamp\www\DTR\views\layouts\default.ctp, line 80]
2015-09-07 07:11:46 Debug: Notice (8): Undefined property: View::$Access in [C:\wamp\www\DTR\views\layouts\default.ctp, line 80]
2015-09-07 07:12:11 Debug: Notice (8): Undefined property: View::$Access in [C:\wamp\www\DTR\views\layouts\default.ctp, line 80]
2015-09-07 07:12:11 Debug: Notice (8): Undefined property: View::$Access in [C:\wamp\www\DTR\views\layouts\default.ctp, line 80]
2015-09-07 07:25:42 Debug: Notice (8): Undefined property: View::$Access in [C:\wamp\www\DTR\views\layouts\default.ctp, line 80]
2015-09-07 07:25:43 Debug: Notice (8): Undefined property: View::$Access in [C:\wamp\www\DTR\views\layouts\default.ctp, line 80]
