2015-03-27 07:10:19 Warning: Warning (512): C:\wamp\www\new_erb\tmp\cache\ is not writable in [C:\cake\libs\cache\file.php, line 267]
2015-03-27 07:10:21 Warning: Warning (512): \persistent\ is not writable in [C:\cake\libs\cache\file.php, line 267]
2015-03-27 07:10:22 Warning: Warning (512): \models\ is not writable in [C:\cake\libs\cache\file.php, line 267]
2015-03-27 07:10:25 Warning: Warning (2): mysql_connect() [<a href='http://php.net/function.mysql-connect'>function.mysql-connect</a>]: Access denied for user 'tssierbc_new-erb'@'localhost' (using password: YES) in [C:\cake\libs\model\datasources\dbo\dbo_mysql.php, line 561]
2015-03-27 07:10:27 Warning: Warning (2): mysql_select_db() expects parameter 2 to be resource, boolean given in [C:\cake\libs\model\datasources\dbo\dbo_mysql.php, line 567]
2015-03-27 07:10:30 Warning: Warning (2): mysql_query() expects parameter 2 to be resource, boolean given in [C:\cake\libs\model\datasources\dbo\dbo_mysql.php, line 609]
2015-03-27 07:10:32 Warning: Warning (2): mysql_get_server_info() expects parameter 1 to be resource, boolean given in [C:\cake\libs\model\datasources\dbo\dbo_mysql.php, line 575]
2015-03-27 07:10:36 Warning: Warning (2): Cannot modify header information - headers already sent by (output started at C:\cake\libs\cake_log.php:290) in [C:\cake\libs\controller\controller.php, line 742]
2015-03-27 07:15:52 Warning: Warning (512): C:\wamp\www\new_erb\tmp\cache\ is not writable in [C:\cake\libs\cache\file.php, line 267]
2015-03-27 07:15:53 Warning: Warning (512): \persistent\ is not writable in [C:\cake\libs\cache\file.php, line 267]
2015-03-27 07:15:54 Warning: Warning (512): \models\ is not writable in [C:\cake\libs\cache\file.php, line 267]
2015-03-27 07:15:58 Warning: Warning (2): Cannot modify header information - headers already sent by (output started at C:\cake\libs\cake_log.php:290) in [C:\cake\libs\controller\controller.php, line 742]
2015-03-27 07:17:42 Warning: Warning (512): C:\wamp\www\new_erb\tmp\cache\ is not writable in [C:\cake\libs\cache\file.php, line 281]
2015-03-27 07:17:42 Warning: Warning (512): \persistent\ is not writable in [C:\cake\libs\cache\file.php, line 281]
2015-03-27 07:17:42 Warning: Warning (512): \models\ is not writable in [C:\cake\libs\cache\file.php, line 281]
2015-03-27 07:17:42 Warning: Warning (2): Cannot modify header information - headers already sent by (output started at C:\cake\libs\debugger.php:686) in [C:\cake\libs\controller\controller.php, line 742]
2015-03-27 07:19:26 Warning: Warning (512): C:\wamp\www\new_erb\tmp\cache\persistent\ is not writable in [C:\cake\libs\cache\file.php, line 281]
2015-03-27 07:19:26 Warning: Warning (512): C:\wamp\www\new_erb\tmp\cache\models\ is not writable in [C:\cake\libs\cache\file.php, line 281]
2015-03-27 07:23:01 Warning: Warning (2): mysql_connect() [<a href='http://php.net/function.mysql-connect'>function.mysql-connect</a>]: Access denied for user 'tssierbc_new-erb'@'localhost' (using password: YES) in [C:\cake\libs\model\datasources\dbo\dbo_mysql.php, line 561]
2015-03-27 07:23:01 Warning: Warning (2): mysql_query() expects parameter 2 to be resource, boolean given in [C:\cake\libs\model\datasources\dbo\dbo_mysql.php, line 613]
2015-03-27 07:23:01 Warning: Warning (2): Cannot modify header information - headers already sent by (output started at C:\cake\libs\debugger.php:686) in [C:\cake\libs\controller\controller.php, line 742]
2015-03-27 07:39:09 Warning: Warning (2): mysql_connect() [<a href='http://php.net/function.mysql-connect'>function.mysql-connect</a>]: Access denied for user 'root'@'localhost' (using password: YES) in [C:\cake\libs\model\datasources\dbo\dbo_mysql.php, line 561]
2015-03-27 07:39:09 Warning: Warning (2): mysql_query() expects parameter 2 to be resource, boolean given in [C:\cake\libs\model\datasources\dbo\dbo_mysql.php, line 613]
2015-03-27 07:39:09 Warning: Warning (2): Cannot modify header information - headers already sent by (output started at C:\cake\libs\debugger.php:686) in [C:\cake\libs\controller\controller.php, line 742]
2015-09-01 10:23:52 Warning: Warning (512): Method HtmlHelper::img does not exist in [C:\cake\libs\view\helper.php, line 154]
2015-09-03 06:27:17 Warning: Warning (2): mysql_connect() [<a href='http://php.net/function.mysql-connect'>function.mysql-connect</a>]: No connection could be made because the target machine actively refused it.
 in [C:\cake\libs\model\datasources\dbo\dbo_mysql.php, line 561]
2015-09-03 06:27:17 Warning: Warning (2): mysql_query() expects parameter 2 to be resource, boolean given in [C:\cake\libs\model\datasources\dbo\dbo_mysql.php, line 613]
2015-09-03 06:27:17 Warning: Warning (2): Cannot modify header information - headers already sent by (output started at C:\cake\libs\debugger.php:686) in [C:\cake\libs\controller\controller.php, line 742]
2015-09-03 06:27:20 Warning: Warning (2): mysql_connect() [<a href='http://php.net/function.mysql-connect'>function.mysql-connect</a>]: No connection could be made because the target machine actively refused it.
 in [C:\cake\libs\model\datasources\dbo\dbo_mysql.php, line 561]
2015-09-03 06:27:20 Warning: Warning (2): mysql_query() expects parameter 2 to be resource, boolean given in [C:\cake\libs\model\datasources\dbo\dbo_mysql.php, line 613]
2015-09-03 06:27:20 Warning: Warning (2): Cannot modify header information - headers already sent by (output started at C:\cake\libs\debugger.php:686) in [C:\cake\libs\controller\controller.php, line 742]
2015-09-10 08:20:06 Warning: Warning (512): <span style="color:Red;text-align:left"><b>SQL Error:</b> 1054: Unknown column 'RfidStudent.type' in 'where clause'</span> in [C:\cake\libs\model\datasources\dbo_source.php, line 684]
2015-09-10 11:45:57 Warning: Warning (2): file_get_contents(/caf5a6e79b86a44abf0202d8711d005e.ngl) [<a href='http://php.net/function.file-get-contents'>function.file-get-contents</a>]: failed to open stream: No such file or directory in [C:\cake\libs\file.php, line 170]
2015-09-10 18:00:50 Warning: Warning (512): <span style="color:Red;text-align:left"><b>SQL Error:</b> 1054: Unknown column 'rfid' in 'where clause'</span> in [C:\cake\libs\model\datasources\dbo_source.php, line 684]
2015-09-10 12:51:41 Warning: Warning (2): Creating default object from empty value in [C:\wamp\www\DTR\controllers\attendances_controller.php, line 9]
2015-09-10 12:52:31 Warning: Warning (2): Creating default object from empty value in [C:\wamp\www\DTR\controllers\attendances_controller.php, line 9]
2015-09-10 12:52:34 Warning: Warning (2): Creating default object from empty value in [C:\wamp\www\DTR\controllers\attendances_controller.php, line 9]
2015-09-10 12:53:00 Warning: Warning (2): Creating default object from empty value in [C:\wamp\www\DTR\controllers\attendances_controller.php, line 9]
